app/build/intermediates/manifest_merge_blame_file/debug/manifest-merger-blame-debug-report.txt
1<?xml version="1.0" encoding="utf-8"?>
2<manifest xmlns:android="http://schemas.android.com/apk/res/android"
3    package="org.blayboy.newpipe.debug"
4    android:installLocation="auto"
5    android:versionCode="968"
6    android:versionName="2.5" >
7
8    <uses-sdk
9        android:minSdkVersion="19"
10        android:targetSdkVersion="29" />
11
12    <uses-permission android:name="android.permission.INTERNET" />
12-->src/main/AndroidManifest.xml:8:5-67
12-->src/main/AndroidManifest.xml:8:22-64
13    <uses-permission android:name="android.permission.WAKE_LOCK" />
13-->src/main/AndroidManifest.xml:9:5-68
13-->src/main/AndroidManifest.xml:9:22-65
14    <uses-permission android:name="android.permission.ACCESS_NETWORK_STATE" />
14-->src/main/AndroidManifest.xml:10:5-79
14-->src/main/AndroidManifest.xml:10:22-76
15    <uses-permission android:name="android.permission.WRITE_EXTERNAL_STORAGE" />
15-->src/main/AndroidManifest.xml:11:5-81
15-->src/main/AndroidManifest.xml:11:22-78
16    <uses-permission android:name="android.permission.SYSTEM_ALERT_WINDOW" />
16-->src/main/AndroidManifest.xml:12:5-78
16-->src/main/AndroidManifest.xml:12:22-75
17    <uses-permission android:name="android.permission.FOREGROUND_SERVICE" />
17-->src/main/AndroidManifest.xml:13:5-77
17-->src/main/AndroidManifest.xml:13:22-74
18
19    <uses-feature
19-->src/main/AndroidManifest.xml:15:5-17:36
20        android:name="android.hardware.touchscreen"
20-->src/main/AndroidManifest.xml:16:9-52
21        android:required="false" />
21-->src/main/AndroidManifest.xml:17:9-33
22    <uses-feature
22-->src/main/AndroidManifest.xml:18:5-20:36
23        android:name="android.software.leanback"
23-->src/main/AndroidManifest.xml:19:9-49
24        android:required="false" />
24-->src/main/AndroidManifest.xml:20:9-33
25
26    <application
26-->src/main/AndroidManifest.xml:22:5-203:19
27        android:name="org.blayboy.newpipe.App"
27-->src/main/AndroidManifest.xml:23:9-28
28        android:allowBackup="true"
28-->src/main/AndroidManifest.xml:24:9-35
29        android:appComponentFactory="androidx.core.app.CoreComponentFactory"
29-->[androidx.core:core:1.3.2] AndroidManifest.xml:24:18-86
30        android:banner="@mipmap/newpipe_tv_banner"
30-->src/main/AndroidManifest.xml:25:9-51
31        android:debuggable="true"
32        android:icon="@mipmap/ic_launcher"
32-->src/main/AndroidManifest.xml:26:9-43
33        android:label="@string/app_name"
33-->src/main/AndroidManifest.xml:27:9-41
34        android:logo="@mipmap/ic_launcher"
34-->src/main/AndroidManifest.xml:28:9-43
35        android:requestLegacyExternalStorage="true"
35-->src/main/AndroidManifest.xml:29:9-52
36        android:resizeableActivity="true"
36-->src/main/AndroidManifest.xml:31:9-42
37        android:testOnly="true"
38        android:theme="@style/Base" >
38-->src/main/AndroidManifest.xml:30:9-36
39        <activity
39-->src/main/AndroidManifest.xml:33:9-43:20
40            android:name="org.blayboy.newpipe.MainActivity"
40-->src/main/AndroidManifest.xml:34:13-41
41            android:label="@string/app_name"
41-->src/main/AndroidManifest.xml:35:13-45
42            android:launchMode="singleTask" >
42-->src/main/AndroidManifest.xml:36:13-44
43            <intent-filter>
43-->src/main/AndroidManifest.xml:37:13-42:29
44                <action android:name="android.intent.action.MAIN" />
44-->src/main/AndroidManifest.xml:38:17-69
44-->src/main/AndroidManifest.xml:38:25-66
45
46                <category android:name="android.intent.category.LAUNCHER" />
46-->src/main/AndroidManifest.xml:40:17-77
46-->src/main/AndroidManifest.xml:40:27-74
47                <category android:name="android.intent.category.LEANBACK_LAUNCHER" />
47-->src/main/AndroidManifest.xml:41:17-86
47-->src/main/AndroidManifest.xml:41:27-83
48            </intent-filter>
49        </activity>
50
51        <receiver android:name="androidx.media.session.MediaButtonReceiver" >
51-->src/main/AndroidManifest.xml:45:9-49:20
51-->src/main/AndroidManifest.xml:45:19-76
52            <intent-filter>
52-->src/main/AndroidManifest.xml:46:13-48:29
53                <action android:name="android.intent.action.MEDIA_BUTTON" />
53-->src/main/AndroidManifest.xml:47:17-77
53-->src/main/AndroidManifest.xml:47:25-74
54            </intent-filter>
55        </receiver>
56
57        <service
57-->src/main/AndroidManifest.xml:51:9-58:19
58            android:name="org.blayboy.newpipe.player.MainPlayer"
58-->src/main/AndroidManifest.xml:52:13-46
59            android:exported="false"
59-->src/main/AndroidManifest.xml:53:13-37
60            android:foregroundServiceType="mediaPlayback" >
60-->src/main/AndroidManifest.xml:54:13-58
61            <intent-filter>
61-->src/main/AndroidManifest.xml:46:13-48:29
62                <action android:name="android.intent.action.MEDIA_BUTTON" />
62-->src/main/AndroidManifest.xml:47:17-77
62-->src/main/AndroidManifest.xml:47:25-74
63            </intent-filter>
64        </service>
65
66        <activity
66-->src/main/AndroidManifest.xml:60:9-63:47
67            android:name="org.blayboy.newpipe.player.PlayQueueActivity"
67-->src/main/AndroidManifest.xml:61:13-53
68            android:label="@string/title_activity_play_queue"
68-->src/main/AndroidManifest.xml:62:13-62
69            android:launchMode="singleTask" />
69-->src/main/AndroidManifest.xml:63:13-44
70        <activity
70-->src/main/AndroidManifest.xml:65:9-67:48
71            android:name="org.blayboy.newpipe.settings.SettingsActivity"
71-->src/main/AndroidManifest.xml:66:13-54
72            android:label="@string/settings" />
72-->src/main/AndroidManifest.xml:67:13-45
73
74        <service android:name="org.blayboy.newpipe.local.subscription.services.SubscriptionsImportService" />
74-->src/main/AndroidManifest.xml:70:9-91
74-->src/main/AndroidManifest.xml:70:18-88
75        <service android:name="org.blayboy.newpipe.local.subscription.services.SubscriptionsExportService" />
75-->src/main/AndroidManifest.xml:71:9-91
75-->src/main/AndroidManifest.xml:71:18-88
76        <service android:name="org.blayboy.newpipe.local.feed.service.FeedLoadService" />
76-->src/main/AndroidManifest.xml:72:9-71
76-->src/main/AndroidManifest.xml:72:18-68
77
78        <activity
78-->src/main/AndroidManifest.xml:74:9-84:20
79            android:name="org.blayboy.newpipe.PanicResponderActivity"
79-->src/main/AndroidManifest.xml:75:13-51
80            android:launchMode="singleInstance"
80-->src/main/AndroidManifest.xml:76:13-48
81            android:noHistory="true"
81-->src/main/AndroidManifest.xml:77:13-37
82            android:theme="@android:style/Theme.NoDisplay" >
82-->src/main/AndroidManifest.xml:78:13-59
83            <intent-filter>
83-->src/main/AndroidManifest.xml:79:13-83:29
84                <action android:name="info.guardianproject.panic.action.TRIGGER" />
84-->src/main/AndroidManifest.xml:80:17-84
84-->src/main/AndroidManifest.xml:80:25-81
85
86                <category android:name="android.intent.category.DEFAULT" />
86-->src/main/AndroidManifest.xml:82:17-76
86-->src/main/AndroidManifest.xml:82:27-73
87            </intent-filter>
88        </activity>
89        <activity
89-->src/main/AndroidManifest.xml:86:9-89:62
90            android:name="org.blayboy.newpipe.ExitActivity"
90-->src/main/AndroidManifest.xml:87:13-41
91            android:label="@string/general_error"
91-->src/main/AndroidManifest.xml:88:13-50
92            android:theme="@android:style/Theme.NoDisplay" />
92-->src/main/AndroidManifest.xml:89:13-59
93        <activity android:name="org.blayboy.newpipe.error.ErrorActivity" />
93-->src/main/AndroidManifest.xml:90:9-57
93-->src/main/AndroidManifest.xml:90:19-54
94
95        <!-- giga get related -->
96        <activity
96-->src/main/AndroidManifest.xml:93:9-96:47
97            android:name="org.blayboy.newpipe.download.DownloadActivity"
97-->src/main/AndroidManifest.xml:94:13-54
98            android:label="@string/app_name"
98-->src/main/AndroidManifest.xml:95:13-45
99            android:launchMode="singleTask" />
99-->src/main/AndroidManifest.xml:96:13-44
100
101        <service android:name="us.shandian.giga.service.DownloadManagerService" />
101-->src/main/AndroidManifest.xml:98:9-83
101-->src/main/AndroidManifest.xml:98:18-80
102
103        <activity
103-->src/main/AndroidManifest.xml:100:9-108:20
104            android:name="org.blayboy.newpipe.util.FilePickerActivityHelper"
104-->src/main/AndroidManifest.xml:101:13-58
105            android:label="@string/app_name"
105-->src/main/AndroidManifest.xml:102:13-45
106            android:theme="@style/FilePickerThemeDark" >
106-->src/main/AndroidManifest.xml:103:13-55
107            <intent-filter>
107-->src/main/AndroidManifest.xml:104:13-107:29
108                <action android:name="android.intent.action.GET_CONTENT" />
108-->src/main/AndroidManifest.xml:105:17-76
108-->src/main/AndroidManifest.xml:105:25-73
109
110                <category android:name="android.intent.category.DEFAULT" />
110-->src/main/AndroidManifest.xml:82:17-76
110-->src/main/AndroidManifest.xml:82:27-73
111            </intent-filter>
112        </activity>
113        <activity
113-->src/main/AndroidManifest.xml:110:9-112:49
114            android:name="org.blayboy.newpipe.error.ReCaptchaActivity"
114-->src/main/AndroidManifest.xml:111:13-52
115            android:label="@string/recaptcha" />
115-->src/main/AndroidManifest.xml:112:13-46
116
117        <provider
118            android:name="androidx.core.content.FileProvider"
118-->src/debug/AndroidManifest.xml:115:13-62
119            android:authorities="org.blayboy.newpipe.debug.provider"
119-->src/debug/AndroidManifest.xml:116:13-60
120            android:exported="false"
120-->src/debug/AndroidManifest.xml:117:13-37
121            android:grantUriPermissions="true" >
121-->src/debug/AndroidManifest.xml:118:13-47
122            <meta-data
122-->src/debug/AndroidManifest.xml:119:13-121:62
123                android:name="android.support.FILE_PROVIDER_PATHS"
123-->src/debug/AndroidManifest.xml:120:17-67
124                android:resource="@xml/nnf_provider_paths" />
124-->src/debug/AndroidManifest.xml:121:17-59
125        </provider>
126
127        <activity
127-->src/main/AndroidManifest.xml:124:9-196:20
128            android:name="org.blayboy.newpipe.RouterActivity"
128-->src/main/AndroidManifest.xml:125:13-43
129            android:excludeFromRecents="true"
129-->src/main/AndroidManifest.xml:126:13-46
130            android:label="@string/preferred_open_action_share_menu_title"
130-->src/main/AndroidManifest.xml:127:13-75
131            android:taskAffinity=""
131-->src/main/AndroidManifest.xml:128:13-36
132            android:theme="@style/RouterActivityThemeDark" >
132-->src/main/AndroidManifest.xml:129:13-59
133
134            <!-- Youtube filter -->
135            <intent-filter>
135-->src/main/AndroidManifest.xml:132:13-157:29
136                <action android:name="android.intent.action.VIEW" />
136-->src/main/AndroidManifest.xml:133:17-69
136-->src/main/AndroidManifest.xml:133:25-66
137                <action android:name="android.media.action.MEDIA_PLAY_FROM_SEARCH" />
137-->src/main/AndroidManifest.xml:134:17-86
137-->src/main/AndroidManifest.xml:134:25-83
138                <action android:name="android.nfc.action.NDEF_DISCOVERED" />
138-->src/main/AndroidManifest.xml:135:17-77
138-->src/main/AndroidManifest.xml:135:25-74
139
140                <category android:name="android.intent.category.DEFAULT" />
140-->src/main/AndroidManifest.xml:82:17-76
140-->src/main/AndroidManifest.xml:82:27-73
141                <category android:name="android.intent.category.BROWSABLE" />
141-->src/main/AndroidManifest.xml:138:17-78
141-->src/main/AndroidManifest.xml:138:27-75
142
143                <data android:scheme="http" />
143-->src/main/AndroidManifest.xml:140:17-47
143-->src/main/AndroidManifest.xml:140:23-44
144                <data android:scheme="https" />
144-->src/main/AndroidManifest.xml:140:17-47
144-->src/main/AndroidManifest.xml:140:23-44
145                <data android:host="youtube.com" />
145-->src/main/AndroidManifest.xml:140:17-47
145-->src/debug/AndroidManifest.xml:142:23-49
146                <data android:host="m.youtube.com" />
146-->src/main/AndroidManifest.xml:140:17-47
146-->src/debug/AndroidManifest.xml:142:23-49
147                <data android:host="www.youtube.com" />
147-->src/main/AndroidManifest.xml:140:17-47
147-->src/debug/AndroidManifest.xml:142:23-49
148                <data android:host="music.youtube.com" />
148-->src/main/AndroidManifest.xml:140:17-47
148-->src/debug/AndroidManifest.xml:142:23-49
149                <!-- video prefix -->
150                <data android:pathPrefix="/v/" />
150-->src/main/AndroidManifest.xml:140:17-47
150-->src/debug/AndroidManifest.xml:147:23-47
151                <data android:pathPrefix="/embed/" />
151-->src/main/AndroidManifest.xml:140:17-47
151-->src/debug/AndroidManifest.xml:147:23-47
152                <data android:pathPrefix="/watch" />
152-->src/main/AndroidManifest.xml:140:17-47
152-->src/debug/AndroidManifest.xml:147:23-47
153                <data android:pathPrefix="/attribution_link" />
153-->src/main/AndroidManifest.xml:140:17-47
153-->src/debug/AndroidManifest.xml:147:23-47
154                <!-- channel prefix -->
155                <data android:pathPrefix="/channel/" />
155-->src/main/AndroidManifest.xml:140:17-47
155-->src/debug/AndroidManifest.xml:147:23-47
156                <data android:pathPrefix="/user/" />
156-->src/main/AndroidManifest.xml:140:17-47
156-->src/debug/AndroidManifest.xml:147:23-47
157                <data android:pathPrefix="/c/" />
157-->src/main/AndroidManifest.xml:140:17-47
157-->src/debug/AndroidManifest.xml:147:23-47
158                <!-- playlist prefix -->
159                <data android:pathPrefix="/playlist" />
159-->src/main/AndroidManifest.xml:140:17-47
159-->src/debug/AndroidManifest.xml:147:23-47
160            </intent-filter>
161            <intent-filter>
161-->src/main/AndroidManifest.xml:158:13-170:29
162                <action android:name="android.intent.action.VIEW" />
162-->src/main/AndroidManifest.xml:133:17-69
162-->src/main/AndroidManifest.xml:133:25-66
163                <action android:name="android.media.action.MEDIA_PLAY_FROM_SEARCH" />
163-->src/main/AndroidManifest.xml:134:17-86
163-->src/main/AndroidManifest.xml:134:25-83
164                <action android:name="android.nfc.action.NDEF_DISCOVERED" />
164-->src/main/AndroidManifest.xml:135:17-77
164-->src/main/AndroidManifest.xml:135:25-74
165
166                <category android:name="android.intent.category.DEFAULT" />
166-->src/main/AndroidManifest.xml:82:17-76
166-->src/main/AndroidManifest.xml:82:27-73
167                <category android:name="android.intent.category.BROWSABLE" />
167-->src/main/AndroidManifest.xml:138:17-78
167-->src/main/AndroidManifest.xml:138:27-75
168
169                <data android:scheme="http" />
169-->src/main/AndroidManifest.xml:140:17-47
169-->src/main/AndroidManifest.xml:140:23-44
170                <data android:scheme="https" />
170-->src/main/AndroidManifest.xml:140:17-47
170-->src/main/AndroidManifest.xml:140:23-44
171                <data android:host="youtu.be" />
171-->src/main/AndroidManifest.xml:140:17-47
171-->src/debug/AndroidManifest.xml:142:23-49
172                <data android:pathPrefix="/" />
172-->src/main/AndroidManifest.xml:140:17-47
172-->src/debug/AndroidManifest.xml:147:23-47
173            </intent-filter>
174            <intent-filter>
174-->src/main/AndroidManifest.xml:171:13-183:29
175                <action android:name="android.intent.action.VIEW" />
175-->src/main/AndroidManifest.xml:133:17-69
175-->src/main/AndroidManifest.xml:133:25-66
176                <action android:name="android.media.action.MEDIA_PLAY_FROM_SEARCH" />
176-->src/main/AndroidManifest.xml:134:17-86
176-->src/main/AndroidManifest.xml:134:25-83
177                <action android:name="android.nfc.action.NDEF_DISCOVERED" />
177-->src/main/AndroidManifest.xml:135:17-77
177-->src/main/AndroidManifest.xml:135:25-74
178
179                <category android:name="android.intent.category.DEFAULT" />
179-->src/main/AndroidManifest.xml:82:17-76
179-->src/main/AndroidManifest.xml:82:27-73
180                <category android:name="android.intent.category.BROWSABLE" />
180-->src/main/AndroidManifest.xml:138:17-78
180-->src/main/AndroidManifest.xml:138:27-75
181
182                <data android:scheme="http" />
182-->src/main/AndroidManifest.xml:140:17-47
182-->src/main/AndroidManifest.xml:140:23-44
183                <data android:scheme="https" />
183-->src/main/AndroidManifest.xml:140:17-47
183-->src/main/AndroidManifest.xml:140:23-44
184                <data android:host="www.youtube-nocookie.com" />
184-->src/main/AndroidManifest.xml:140:17-47
184-->src/debug/AndroidManifest.xml:142:23-49
185                <data android:pathPrefix="/embed/" />
185-->src/main/AndroidManifest.xml:140:17-47
185-->src/debug/AndroidManifest.xml:147:23-47
186            </intent-filter>
187            <intent-filter>
187-->src/main/AndroidManifest.xml:184:13-194:29
188                <action android:name="android.intent.action.VIEW" />
188-->src/main/AndroidManifest.xml:133:17-69
188-->src/main/AndroidManifest.xml:133:25-66
189                <action android:name="android.media.action.MEDIA_PLAY_FROM_SEARCH" />
189-->src/main/AndroidManifest.xml:134:17-86
189-->src/main/AndroidManifest.xml:134:25-83
190                <action android:name="android.nfc.action.NDEF_DISCOVERED" />
190-->src/main/AndroidManifest.xml:135:17-77
190-->src/main/AndroidManifest.xml:135:25-74
191
192                <category android:name="android.intent.category.DEFAULT" />
192-->src/main/AndroidManifest.xml:82:17-76
192-->src/main/AndroidManifest.xml:82:27-73
193                <category android:name="android.intent.category.BROWSABLE" />
193-->src/main/AndroidManifest.xml:138:17-78
193-->src/main/AndroidManifest.xml:138:27-75
194
195                <data android:scheme="vnd.youtube" />
195-->src/main/AndroidManifest.xml:140:17-47
195-->src/main/AndroidManifest.xml:140:23-44
196                <data android:scheme="vnd.youtube.launch" />
196-->src/main/AndroidManifest.xml:140:17-47
196-->src/main/AndroidManifest.xml:140:23-44
197            </intent-filter>
198        </activity>
199
200        <service
200-->src/main/AndroidManifest.xml:197:9-199:40
201            android:name="org.blayboy.newpipe.RouterActivity$FetcherService"
201-->src/main/AndroidManifest.xml:198:13-58
202            android:exported="false" />
202-->src/main/AndroidManifest.xml:199:13-37
203
204        <meta-data
204-->src/main/AndroidManifest.xml:200:9-95
205            android:name="android.webkit.WebView.MetricsOptOut"
205-->src/main/AndroidManifest.xml:200:20-71
206            android:value="true" />
206-->src/main/AndroidManifest.xml:200:72-92
207        <meta-data
207-->src/main/AndroidManifest.xml:201:9-95
208            android:name="com.samsung.android.keepalive.density"
208-->src/main/AndroidManifest.xml:201:20-72
209            android:value="true" />
209-->src/main/AndroidManifest.xml:201:73-93
210        <meta-data
210-->src/main/AndroidManifest.xml:202:9-109
211            android:name="com.samsung.android.multidisplay.keep_process_alive"
211-->src/main/AndroidManifest.xml:202:20-86
212            android:value="true" />
212-->src/main/AndroidManifest.xml:202:87-107
213
214        <service
214-->[androidx.room:room-runtime:2.3.0-alpha03] AndroidManifest.xml:25:9-28:40
215            android:name="androidx.room.MultiInstanceInvalidationService"
215-->[androidx.room:room-runtime:2.3.0-alpha03] AndroidManifest.xml:26:13-74
216            android:directBootAware="true"
216-->[androidx.room:room-runtime:2.3.0-alpha03] AndroidManifest.xml:27:13-43
217            android:exported="false" />
217-->[androidx.room:room-runtime:2.3.0-alpha03] AndroidManifest.xml:28:13-37
218        <service
218-->[ch.acra:acra-core:5.7.0] AndroidManifest.xml:27:9-31:39
219            android:name="org.acra.sender.LegacySenderService"
219-->[ch.acra:acra-core:5.7.0] AndroidManifest.xml:28:13-63
220            android:enabled="@bool/acra_enable_legacy_service"
220-->[ch.acra:acra-core:5.7.0] AndroidManifest.xml:29:13-63
221            android:exported="false"
221-->[ch.acra:acra-core:5.7.0] AndroidManifest.xml:30:13-37
222            android:process=":acra" />
222-->[ch.acra:acra-core:5.7.0] AndroidManifest.xml:31:13-36
223        <service
223-->[ch.acra:acra-core:5.7.0] AndroidManifest.xml:32:9-37:39
224            android:name="org.acra.sender.JobSenderService"
224-->[ch.acra:acra-core:5.7.0] AndroidManifest.xml:33:13-60
225            android:enabled="@bool/acra_enable_job_service"
225-->[ch.acra:acra-core:5.7.0] AndroidManifest.xml:34:13-60
226            android:exported="false"
226-->[ch.acra:acra-core:5.7.0] AndroidManifest.xml:35:13-37
227            android:permission="android.permission.BIND_JOB_SERVICE"
227-->[ch.acra:acra-core:5.7.0] AndroidManifest.xml:36:13-69
228            android:process=":acra" />
228-->[ch.acra:acra-core:5.7.0] AndroidManifest.xml:37:13-36
229
230        <provider
230-->[ch.acra:acra-core:5.7.0] AndroidManifest.xml:39:9-45:51
231            android:name="org.acra.attachment.AcraContentProvider"
231-->[ch.acra:acra-core:5.7.0] AndroidManifest.xml:40:13-67
232            android:authorities="org.blayboy.newpipe.debug.acra"
232-->[ch.acra:acra-core:5.7.0] AndroidManifest.xml:41:13-56
233            android:exported="false"
233-->[ch.acra:acra-core:5.7.0] AndroidManifest.xml:42:13-37
234            android:grantUriPermissions="true"
234-->[ch.acra:acra-core:5.7.0] AndroidManifest.xml:43:13-47
235            android:process=":acra" />
235-->[ch.acra:acra-core:5.7.0] AndroidManifest.xml:44:13-36
236    </application>
237
238</manifest>